<?xml version="1.0" encoding="UTF-8"?>
<!-- Generated by org.testng.reporters.JUnitReportReporter -->
<testsuite hostname="LAPTOP-H91286KS" failures="0" tests="4" name="testcases.LoginTest" time="65.181" errors="0" timestamp="28 Jul 2024 16:48:23 GMT" skipped="0">
  <testcase classname="testcases.LoginTest" name="TC04_LoginSuccessTest" time="16.455"/>
  <testcase classname="testcases.LoginTest" name="TC04_LoginSuccessTest" time="11.547"/>
  <testcase classname="testcases.LoginTest" name="TC04_LoginSuccessTest" time="19.229"/>
  <testcase classname="testcases.LoginTest" name="TC04_LoginSuccessTest" time="17.950"/>
</testsuite> <!-- testcases.LoginTest -->
