<?xml version="1.0" encoding="UTF-8"?>
<!-- Generated by org.testng.reporters.JUnitReportReporter -->
<testsuite hostname="LAPTOP-H91286KS" failures="0" tests="1" name="testcases.HomePageTest" time="7.807" errors="0" timestamp="28 Jul 2024 16:17:24 GMT" skipped="0">
  <testcase classname="testcases.HomePageTest" name="TC03_SomeName" time="7.807"/>
</testsuite> <!-- testcases.HomePageTest -->
