<?xml version="1.0" encoding="UTF-8"?>
<!-- Generated by org.testng.reporters.JUnitReportReporter -->
<testsuite hostname="LAPTOP-H91286KS" failures="0" tests="3" name="testcases.LoginTest" time="44.966" errors="0" timestamp="19 Oct 2024 16:35:23 GMT" skipped="0">
  <testcase classname="testcases.LoginTest" name="TC03_LoginSuccessTest" time="16.824"/>
  <testcase classname="testcases.LoginTest" name="TC01_LoginFailureTest" time="16.237"/>
  <testcase classname="testcases.LoginTest" name="TC02_LoginSuccessTest" time="11.905"/>
</testsuite> <!-- testcases.LoginTest -->
