<?xml version="1.0" encoding="UTF-8"?>
<!-- Generated by org.testng.reporters.JUnitReportReporter -->
<testsuite hostname="LAPTOP-H91286KS" failures="0" tests="1" name="grid.SeleniumGridExample" time="13.072" errors="0" timestamp="19 Oct 2024 14:20:25 GMT" skipped="0">
  <testcase classname="grid.SeleniumGridExample" name="test1" time="13.072"/>
</testsuite> <!-- grid.SeleniumGridExample -->
