<?xml version="1.0" encoding="UTF-8"?>
<!-- Generated by org.testng.reporters.JUnitReportReporter -->
<testsuite hostname="LAPTOP-H91286KS" failures="0" tests="2" name="testcases.LoginTest" time="53.846" errors="0" timestamp="06 Oct 2024 16:21:41 GMT" skipped="0">
  <testcase classname="testcases.LoginTest" name="TC02_LoginSuccessTest" time="26.309"/>
  <testcase classname="testcases.LoginTest" name="TC01_LoginFailureTest" time="27.537"/>
</testsuite> <!-- testcases.LoginTest -->
